{"level":"info","message":"Hola este es un mensaje de info","service":"user-service"}
{"level":"warn","message":"Este es un mensaje de warn","service":"user-service"}
{"level":"error","message":"Esto es un mensaje de error","service":"user-service"}
{"level":"info","message":"Hola este es un mensaje de info","service":"user-service"}
{"level":"debug","message":"Este es un mensaje de debug","service":"user-service"}
{"level":"warn","message":"Este es un mensaje de warn","service":"user-service"}
{"level":"error","message":"Esto es un mensaje de error","service":"user-service"}
{"level":"info","message":"Hola este es un mensaje de info","service":"user-service"}
{"level":"debug","message":"Este es un mensaje de debug","service":"user-service"}
{"level":"warn","message":"Este es un mensaje de warn","service":"user-service"}
{"level":"error","message":"Esto es un mensaje de error","service":"user-service"}
{"level":"info","message":"Hola este es un mensaje de info","service":"user-service"}
{"level":"debug","message":"Este es un mensaje de debug","service":"user-service"}
{"level":"warn","message":"Este es un mensaje de warn","service":"user-service"}
{"level":"error","message":"Esto es un mensaje de error","service":"user-service"}
{"level":"info","message":"Hola este es un mensaje de info","service":"user-service"}
{"level":"info","message":"Hola este es un mensaje de info","service":"user-service"}
{"level":"info","message":"Esta ejecutandose correctamente","service":"user-service"}
{"level":"info","message":"ERROR","service":"user-service"}
{"level":"info","message":"Esta ejecutandose correctamente","service":"user-service"}
{"level":"info","message":"ERROR","service":"user-service"}
{"level":"info","message":"Esta ejecutandose correctamente","service":"user-service"}
{"level":"info","message":"ERROR NO SE A EJECUTADO","service":"user-service"}
{"level":"info","message":"ERROR NO SE A EJECUTADO","service":"user-service"}
{"level":"info","message":"ERROR NO SE A EJECUTADO","service":"user-service"}
